<?xml version="1.0" encoding="UTF-8"?>
<!-- Generated by org.testng.reporters.JUnitXMLReporter -->
<testsuite ignored="2" hostname="DESKTOP-JEU0I5O" failures="0" tests="1" name="Default test" time="0.086" errors="0" timestamp="2024-01-29T14:14:55 IST">
  <testcase classname="practice.DemoTest" name="demoOne" time="0.015"/>
  <testcase classname="practice.DemoTest" name="demoTwo" time="0.0">
    <ignored/>
  </testcase> <!-- demoTwo -->
  <testcase classname="practice.DemoTest" name="demoThree" time="0.0">
    <ignored/>
  </testcase> <!-- demoThree -->
</testsuite> <!-- Default test -->
