<?xml version="1.0" encoding="UTF-8"?>
<!-- Generated by org.testng.reporters.JUnitXMLReporter -->
<testsuite ignored="6" hostname="LAPTOP-0T7QINT9" failures="0" tests="3" name="Test" time="0.106" errors="0" timestamp="2024-01-24T11:06:03 IST">
  <testcase classname="practice.DemoTest" name="demoOne" time="0.017"/>
  <testcase classname="practice.PracticeTest" name="practiceOne" time="0.002"/>
  <testcase classname="practice.sampleTest" name="sampleOne" time="0.003"/>
  <testcase classname="practice.sampleTest" name="sampleTwo" time="0.0">
    <ignored/>
  </testcase> <!-- sampleTwo -->
  <testcase classname="practice.sampleTest" name="sampleThree" time="0.0">
    <ignored/>
  </testcase> <!-- sampleThree -->
  <testcase classname="practice.DemoTest" name="demoTwo" time="0.0">
    <ignored/>
  </testcase> <!-- demoTwo -->
  <testcase classname="practice.PracticeTest" name="practiceTwo" time="0.0">
    <ignored/>
  </testcase> <!-- practiceTwo -->
  <testcase classname="practice.DemoTest" name="demoThree" time="0.0">
    <ignored/>
  </testcase> <!-- demoThree -->
  <testcase classname="practice.PracticeTest" name="practiceThree" time="0.0">
    <ignored/>
  </testcase> <!-- practiceThree -->
</testsuite> <!-- Test -->
