<?xml version="1.0" encoding="UTF-8"?>
<!-- Generated by org.testng.reporters.JUnitXMLReporter -->
<testsuite ignored="0" hostname="LAPTOP-0T7QINT9" failures="0" tests="9" name="Test" time="0.167" errors="0" timestamp="2024-01-25T09:45:18 IST">
  <testcase classname="practice.DemoTest" name="demoOne" time="0.011"/>
  <testcase classname="practice.DemoTest" name="demoThree" time="0.002"/>
  <testcase classname="practice.DemoTest" name="demoTwo" time="0.001"/>
  <testcase classname="practice.PracticeTest" name="practiceOne" time="0.002"/>
  <testcase classname="practice.PracticeTest" name="practiceThree" time="0.002"/>
  <testcase classname="practice.PracticeTest" name="practiceTwo" time="0.005"/>
  <testcase classname="practice.sampleTest" name="sampleOne" time="0.003"/>
  <testcase classname="practice.sampleTest" name="sampleThree" time="0.007"/>
  <testcase classname="practice.sampleTest" name="sampleTwo" time="0.002"/>
</testsuite> <!-- Test -->
