<?xml version="1.0" encoding="UTF-8"?>
<testng-results ignored="0" total="9" passed="8" failed="1" skipped="0">
  <reporter-output>
  </reporter-output>
  <suite started-at="2024-01-29T13:07:33 IST" name="Suite" finished-at="2024-01-29T13:07:33 IST" duration-ms="124">
    <groups>
      <group name="regression">
        <method signature="DemoTest.demoOne()[pri:0, instance:practice.DemoTest@71d44a3]" name="demoOne" class="practice.DemoTest"/>
        <method signature="DemoTest.demoThree()[pri:0, instance:practice.DemoTest@71d44a3]" name="demoThree" class="practice.DemoTest"/>
        <method signature="DemoTest.demoTwo()[pri:0, instance:practice.DemoTest@71d44a3]" name="demoTwo" class="practice.DemoTest"/>
        <method signature="PracticeTest.practiceOne()[pri:0, instance:practice.PracticeTest@397fbdb]" name="practiceOne" class="practice.PracticeTest"/>
        <method signature="PracticeTest.practiceThree()[pri:0, instance:practice.PracticeTest@397fbdb]" name="practiceThree" class="practice.PracticeTest"/>
        <method signature="PracticeTest.practiceTwo()[pri:0, instance:practice.PracticeTest@397fbdb]" name="practiceTwo" class="practice.PracticeTest"/>
        <method signature="sampleTest.sampleOne()[pri:0, instance:practice.sampleTest@33d512c1]" name="sampleOne" class="practice.sampleTest"/>
        <method signature="sampleTest.sampleThree()[pri:0, instance:practice.sampleTest@33d512c1]" name="sampleThree" class="practice.sampleTest"/>
        <method signature="sampleTest.sampleTwo()[pri:0, instance:practice.sampleTest@33d512c1]" name="sampleTwo" class="practice.sampleTest"/>
      </group> <!-- regression -->
      <group name="smoke">
        <method signature="DemoTest.demoOne()[pri:0, instance:practice.DemoTest@71d44a3]" name="demoOne" class="practice.DemoTest"/>
        <method signature="PracticeTest.practiceOne()[pri:0, instance:practice.PracticeTest@397fbdb]" name="practiceOne" class="practice.PracticeTest"/>
        <method signature="sampleTest.sampleOne()[pri:0, instance:practice.sampleTest@33d512c1]" name="sampleOne" class="practice.sampleTest"/>
      </group> <!-- smoke -->
    </groups>
    <test started-at="2024-01-29T13:07:33 IST" name="Test" finished-at="2024-01-29T13:07:33 IST" duration-ms="124">
      <class name="practice.sampleTest">
        <test-method signature="sampleOne()[pri:0, instance:practice.sampleTest@33d512c1]" started-at="2024-01-29T13:07:33 IST" name="sampleOne" finished-at="2024-01-29T13:07:33 IST" duration-ms="3" status="PASS">
          <reporter-output>
          </reporter-output>
        </test-method> <!-- sampleOne -->
        <test-method signature="sampleThree()[pri:0, instance:practice.sampleTest@33d512c1]" started-at="2024-01-29T13:07:33 IST" name="sampleThree" finished-at="2024-01-29T13:07:33 IST" duration-ms="2" status="PASS">
          <reporter-output>
          </reporter-output>
        </test-method> <!-- sampleThree -->
        <test-method signature="sampleTwo()[pri:0, instance:practice.sampleTest@33d512c1]" started-at="2024-01-29T13:07:33 IST" name="sampleTwo" finished-at="2024-01-29T13:07:33 IST" duration-ms="2" status="PASS">
          <reporter-output>
          </reporter-output>
        </test-method> <!-- sampleTwo -->
      </class> <!-- practice.sampleTest -->
      <class name="practice.DemoTest">
        <test-method signature="demoOne()[pri:0, instance:practice.DemoTest@71d44a3]" started-at="2024-01-29T13:07:33 IST" name="demoOne" finished-at="2024-01-29T13:07:33 IST" duration-ms="12" status="PASS">
          <reporter-output>
          </reporter-output>
        </test-method> <!-- demoOne -->
        <test-method signature="demoThree()[pri:0, instance:practice.DemoTest@71d44a3]" started-at="2024-01-29T13:07:33 IST" name="demoThree" finished-at="2024-01-29T13:07:33 IST" duration-ms="2" status="PASS">
          <reporter-output>
          </reporter-output>
        </test-method> <!-- demoThree -->
        <test-method signature="demoTwo()[pri:0, instance:practice.DemoTest@71d44a3]" started-at="2024-01-29T13:07:33 IST" name="demoTwo" finished-at="2024-01-29T13:07:33 IST" duration-ms="3" status="PASS">
          <reporter-output>
          </reporter-output>
        </test-method> <!-- demoTwo -->
      </class> <!-- practice.DemoTest -->
      <class name="practice.PracticeTest">
        <test-method signature="practiceOne()[pri:0, instance:practice.PracticeTest@397fbdb]" started-at="2024-01-29T13:07:33 IST" name="practiceOne" finished-at="2024-01-29T13:07:33 IST" duration-ms="1" status="PASS">
          <reporter-output>
          </reporter-output>
        </test-method> <!-- practiceOne -->
        <test-method signature="practiceThree()[pri:0, instance:practice.PracticeTest@397fbdb]" started-at="2024-01-29T13:07:33 IST" name="practiceThree" finished-at="2024-01-29T13:07:33 IST" duration-ms="6" status="FAIL">
          <exception class="java.lang.AssertionError">
            <message>
              <![CDATA[null]]>
            </message>
            <full-stacktrace>
              <![CDATA[java.lang.AssertionError: null
at org.testng.Assert.fail(Assert.java:111)
at org.testng.Assert.fail(Assert.java:116)
at practice.PracticeTest.practiceThree(PracticeTest.java:18)
at java.base/jdk.internal.reflect.NativeMethodAccessorImpl.invoke0(Native Method)
at java.base/jdk.internal.reflect.NativeMethodAccessorImpl.invoke(NativeMethodAccessorImpl.java:77)
at java.base/jdk.internal.reflect.DelegatingMethodAccessorImpl.invoke(DelegatingMethodAccessorImpl.java:43)
at java.base/java.lang.reflect.Method.invoke(Method.java:568)
at org.testng.internal.invokers.MethodInvocationHelper.invokeMethod(MethodInvocationHelper.java:139)
at org.testng.internal.invokers.TestInvoker.invokeMethod(TestInvoker.java:664)
at org.testng.internal.invokers.TestInvoker.invokeTestMethod(TestInvoker.java:227)
at org.testng.internal.invokers.MethodRunner.runInSequence(MethodRunner.java:50)
at org.testng.internal.invokers.TestInvoker$MethodInvocationAgent.invoke(TestInvoker.java:957)
at org.testng.internal.invokers.TestInvoker.invokeTestMethods(TestInvoker.java:200)
at org.testng.internal.invokers.TestMethodWorker.invokeTestMethods(TestMethodWorker.java:148)
at org.testng.internal.invokers.TestMethodWorker.run(TestMethodWorker.java:128)
at java.base/java.util.ArrayList.forEach(ArrayList.java:1511)
at org.testng.TestRunner.privateRun(TestRunner.java:848)
at org.testng.TestRunner.run(TestRunner.java:621)
at org.testng.SuiteRunner.runTest(SuiteRunner.java:443)
at org.testng.SuiteRunner$SuiteWorker.run(SuiteRunner.java:481)
at org.testng.internal.thread.ThreadUtil.lambda$execute$0(ThreadUtil.java:58)
at java.base/java.util.concurrent.FutureTask.run(FutureTask.java:264)
at java.base/java.util.concurrent.ThreadPoolExecutor.runWorker(ThreadPoolExecutor.java:1136)
at java.base/java.util.concurrent.ThreadPoolExecutor$Worker.run(ThreadPoolExecutor.java:635)
at java.base/java.lang.Thread.run(Thread.java:833)
]]>
            </full-stacktrace>
          </exception> <!-- java.lang.AssertionError -->
          <reporter-output>
          </reporter-output>
        </test-method> <!-- practiceThree -->
        <test-method signature="practiceTwo()[pri:0, instance:practice.PracticeTest@397fbdb]" started-at="2024-01-29T13:07:33 IST" name="practiceTwo" finished-at="2024-01-29T13:07:33 IST" duration-ms="3" status="PASS">
          <reporter-output>
          </reporter-output>
        </test-method> <!-- practiceTwo -->
      </class> <!-- practice.PracticeTest -->
    </test> <!-- Test -->
  </suite> <!-- Suite -->
</testng-results>
